[2025-05-10 12:07:16,375][__main__][INFO] - INFO LEVEL MESSAGE: 

[2025-05-10 12:07:16,377][__main__][INFO] - CONFIG: 
data:
  system: duffing
  type: nonautonomous
  split_ratio: 0.7
  noise_ratio: 25
model:
  fno_flag: true
  kernel_size: 128
  filters: 64
  kernel_size_1: 4
  modes: 200
  input_dim: 1
  lifting_dim: 64
  output_dim: 1
  output_dim_parallel: 1
training:
  batch_size: 5
  pretrain_epochs: 1500
  pretrain_lr: 0.001
  network_epochs: 600
  network_initial_lr: 0.001
  network_decay_steps: 100
  network_decay_rate: 0.98
  network_minimum_lr: 0.0005
  physics_epochs: 1000
  physics_initial_lr: 0.01
  physics_decay_steps: 100
  physics_decay_rate: 0.96
  physics_minimum_lr: 0.001
  alternate_number: 5
  lamda_velocity_int: 0.001
  lamda_l1: 2.0e-07
dirs:
  figures: ./figures/
  results: ./results/
  checkpoints: .checkpoints/
  profiler: ./tboard/profiler/
  graphs: ./tboard/graphs/
  training: ./tboard/training/
  validation: ./tboard/validation/
  weights: ./tboard/weights/

[2025-05-10 12:07:18,485][__main__][INFO] - Pretraining the displacement network
[2025-05-10 12:07:20,399][__main__][INFO] - Pretrain Epoch: 1/1500 | Train Loss: 1.0132e-01 | Val Loss: 8.6931e-02
[2025-05-10 12:08:04,370][__main__][INFO] - Pretrain Epoch: 101/1500 | Train Loss: 7.4512e-04 | Val Loss: 4.5770e-04
[2025-05-10 12:08:47,956][__main__][INFO] - Pretrain Epoch: 201/1500 | Train Loss: 4.8287e-04 | Val Loss: 3.0875e-04
[2025-05-10 12:09:33,203][__main__][INFO] - Pretrain Epoch: 301/1500 | Train Loss: 4.4029e-04 | Val Loss: 3.1315e-04
[2025-05-10 12:10:18,816][__main__][INFO] - Pretrain Epoch: 401/1500 | Train Loss: 4.1568e-04 | Val Loss: 2.8726e-04
[2025-05-10 12:11:04,076][__main__][INFO] - Pretrain Epoch: 501/1500 | Train Loss: 4.1619e-04 | Val Loss: 3.0295e-04
[2025-05-10 12:11:49,327][__main__][INFO] - Pretrain Epoch: 601/1500 | Train Loss: 4.0614e-04 | Val Loss: 2.8510e-04
[2025-05-10 12:12:34,807][__main__][INFO] - Pretrain Epoch: 701/1500 | Train Loss: 4.0604e-04 | Val Loss: 2.9732e-04
[2025-05-10 12:13:20,485][__main__][INFO] - Pretrain Epoch: 801/1500 | Train Loss: 4.0584e-04 | Val Loss: 2.9575e-04
[2025-05-10 12:14:06,935][__main__][INFO] - Pretrain Epoch: 901/1500 | Train Loss: 4.1421e-04 | Val Loss: 2.9706e-04
[2025-05-10 12:14:53,250][__main__][INFO] - Pretrain Epoch: 1001/1500 | Train Loss: 3.9284e-04 | Val Loss: 2.8928e-04
[2025-05-10 12:15:39,320][__main__][INFO] - Pretrain Epoch: 1101/1500 | Train Loss: 3.8261e-04 | Val Loss: 2.8647e-04
[2025-05-10 12:16:25,211][__main__][INFO] - Pretrain Epoch: 1201/1500 | Train Loss: 4.1016e-04 | Val Loss: 3.1908e-04
[2025-05-10 12:17:10,989][__main__][INFO] - Pretrain Epoch: 1301/1500 | Train Loss: 3.8776e-04 | Val Loss: 2.9392e-04
[2025-05-10 12:17:56,702][__main__][INFO] - Pretrain Epoch: 1401/1500 | Train Loss: 3.9187e-04 | Val Loss: 2.9375e-04
[2025-05-10 12:18:42,410][__main__][INFO] - ------------------------------------------------------------------------------------------------------
[2025-05-10 12:18:42,410][__main__][INFO] - Iteration 1, Physics training
[2025-05-10 12:18:42,889][__main__][INFO] - Physics Epoch: 1/1000 | LR: 0.010000 | Train Loss: 3.2681e-03 | Val Loss: 2.9490e-03
[2025-05-10 12:19:30,632][__main__][INFO] - Physics Epoch: 101/1000 | LR: 0.009600 | Train Loss: 7.1977e-05 | Val Loss: 6.6658e-05
[2025-05-10 12:20:18,435][__main__][INFO] - Physics Epoch: 201/1000 | LR: 0.009216 | Train Loss: 4.7094e-05 | Val Loss: 4.2387e-05
[2025-05-10 12:21:07,077][__main__][INFO] - Physics Epoch: 301/1000 | LR: 0.008847 | Train Loss: 3.6675e-05 | Val Loss: 2.9085e-05
[2025-05-10 12:21:58,555][__main__][INFO] - Physics Epoch: 401/1000 | LR: 0.008493 | Train Loss: 2.7333e-05 | Val Loss: 2.1480e-05
[2025-05-10 12:22:45,543][__main__][INFO] - Physics Epoch: 501/1000 | LR: 0.008154 | Train Loss: 2.5543e-05 | Val Loss: 1.6855e-05
[2025-05-10 12:23:32,509][__main__][INFO] - Physics Epoch: 601/1000 | LR: 0.007828 | Train Loss: 1.9189e-05 | Val Loss: 1.3862e-05
[2025-05-10 12:24:19,902][__main__][INFO] - Physics Epoch: 701/1000 | LR: 0.007514 | Train Loss: 2.2039e-05 | Val Loss: 1.1856e-05
[2025-05-10 12:25:07,565][__main__][INFO] - Physics Epoch: 801/1000 | LR: 0.007214 | Train Loss: 1.6210e-05 | Val Loss: 1.0418e-05
[2025-05-10 12:25:56,877][__main__][INFO] - Physics Epoch: 901/1000 | LR: 0.006925 | Train Loss: 1.6536e-05 | Val Loss: 9.2213e-06
[2025-05-10 12:26:44,986][__main__][INFO] - Updated acceleration function: 0.7711*f-8.7795*x-5.5214*y-6.8118*torch.pow(x , 3)-0.2104*x * torch.pow(y , 2)-0.1893*torch.pow(y , 3)-0.1382*torch.pow(x , 4)+0.0003*torch.pow(x , 2) * torch.pow(y , 3)-0.0016*x * torch.pow(y , 4)+0.5315*torch.pow(y , 5)
[2025-05-10 12:26:44,987][__main__][INFO] - ------------------------------------------------------------------------------------------------------
[2025-05-10 12:26:44,987][__main__][INFO] - Iteration 1, Network training
[2025-05-10 12:26:45,451][__main__][INFO] - Network Epoch: 1/600 | LR: 0.001000 | Train Loss: 2.9783e-02 | Val Loss: 1.1389e-02
[2025-05-10 12:27:32,034][__main__][INFO] - Network Epoch: 101/600 | LR: 0.000980 | Train Loss: 3.9803e-04 | Val Loss: 2.8829e-04
[2025-05-10 12:28:18,178][__main__][INFO] - Network Epoch: 201/600 | LR: 0.000960 | Train Loss: 4.0263e-04 | Val Loss: 2.8625e-04
[2025-05-10 12:29:04,331][__main__][INFO] - Network Epoch: 301/600 | LR: 0.000941 | Train Loss: 4.1089e-04 | Val Loss: 3.0316e-04
[2025-05-10 12:29:50,281][__main__][INFO] - Network Epoch: 401/600 | LR: 0.000922 | Train Loss: 4.0095e-04 | Val Loss: 2.9163e-04
[2025-05-10 12:30:36,529][__main__][INFO] - Network Epoch: 501/600 | LR: 0.000904 | Train Loss: 4.0625e-04 | Val Loss: 3.2524e-04
[2025-05-10 12:31:25,089][__main__][INFO] - ------------------------------------------------------------------------------------------------------
[2025-05-10 12:31:25,089][__main__][INFO] - Iteration 2, Physics training
[2025-05-10 12:31:25,592][__main__][INFO] - Physics Epoch: 1/1000 | LR: 0.010000 | Train Loss: 1.4545e-05 | Val Loss: 8.2214e-06
[2025-05-10 12:32:13,548][__main__][INFO] - Physics Epoch: 101/1000 | LR: 0.009600 | Train Loss: 1.3591e-05 | Val Loss: 7.6763e-06
[2025-05-10 12:33:00,730][__main__][INFO] - Physics Epoch: 201/1000 | LR: 0.009216 | Train Loss: 1.3301e-05 | Val Loss: 7.3037e-06
[2025-05-10 12:33:47,272][__main__][INFO] - Physics Epoch: 301/1000 | LR: 0.008847 | Train Loss: 1.4572e-05 | Val Loss: 7.2049e-06
[2025-05-10 12:34:33,882][__main__][INFO] - Physics Epoch: 401/1000 | LR: 0.008493 | Train Loss: 1.4228e-05 | Val Loss: 7.0311e-06
[2025-05-10 12:35:20,250][__main__][INFO] - Physics Epoch: 501/1000 | LR: 0.008154 | Train Loss: 1.9885e-05 | Val Loss: 7.0199e-06
[2025-05-10 12:36:06,623][__main__][INFO] - Physics Epoch: 601/1000 | LR: 0.007828 | Train Loss: 1.4935e-05 | Val Loss: 7.0279e-06
[2025-05-10 12:36:53,394][__main__][INFO] - Physics Epoch: 701/1000 | LR: 0.007514 | Train Loss: 1.3508e-05 | Val Loss: 6.9988e-06
[2025-05-10 12:37:40,360][__main__][INFO] - Physics Epoch: 801/1000 | LR: 0.007214 | Train Loss: 1.2964e-05 | Val Loss: 7.0055e-06
[2025-05-10 12:38:27,463][__main__][INFO] - Physics Epoch: 901/1000 | LR: 0.006925 | Train Loss: 1.3173e-05 | Val Loss: 6.9779e-06
[2025-05-10 12:39:14,159][__main__][INFO] - Updated acceleration function: 0.8768*f-9.0299*x-7.1209*y-7.6497*torch.pow(x , 3)-0.1465*torch.pow(x , 4)+0.0053*torch.pow(x , 2) * torch.pow(y , 3)-0.0039*x * torch.pow(y , 4)-0.0099*torch.pow(y , 5)
[2025-05-10 12:39:14,160][__main__][INFO] - ------------------------------------------------------------------------------------------------------
[2025-05-10 12:39:14,160][__main__][INFO] - Iteration 2, Network training
[2025-05-10 12:39:14,613][__main__][INFO] - Network Epoch: 1/600 | LR: 0.001000 | Train Loss: 6.7930e-04 | Val Loss: 1.1480e-03
[2025-05-10 12:40:00,757][__main__][INFO] - Network Epoch: 101/600 | LR: 0.000980 | Train Loss: 4.1223e-04 | Val Loss: 3.0803e-04
[2025-05-10 12:40:47,014][__main__][INFO] - Network Epoch: 201/600 | LR: 0.000960 | Train Loss: 4.2732e-04 | Val Loss: 3.1817e-04
[2025-05-10 12:41:33,436][__main__][INFO] - Network Epoch: 301/600 | LR: 0.000941 | Train Loss: 3.9966e-04 | Val Loss: 2.8658e-04
[2025-05-10 12:42:19,583][__main__][INFO] - Network Epoch: 401/600 | LR: 0.000922 | Train Loss: 4.2868e-04 | Val Loss: 3.3612e-04
[2025-05-10 12:43:06,061][__main__][INFO] - Network Epoch: 501/600 | LR: 0.000904 | Train Loss: 4.4829e-04 | Val Loss: 3.2084e-04
[2025-05-10 12:43:52,393][__main__][INFO] - ------------------------------------------------------------------------------------------------------
[2025-05-10 12:43:52,393][__main__][INFO] - Iteration 3, Physics training
[2025-05-10 12:43:52,894][__main__][INFO] - Physics Epoch: 1/1000 | LR: 0.010000 | Train Loss: 1.4289e-05 | Val Loss: 7.1873e-06
[2025-05-10 12:44:40,077][__main__][INFO] - Physics Epoch: 101/1000 | LR: 0.009600 | Train Loss: 1.4149e-05 | Val Loss: 7.2586e-06
[2025-05-10 12:45:26,506][__main__][INFO] - Physics Epoch: 201/1000 | LR: 0.009216 | Train Loss: 1.4955e-05 | Val Loss: 7.1290e-06
[2025-05-10 12:46:12,714][__main__][INFO] - Physics Epoch: 301/1000 | LR: 0.008847 | Train Loss: 1.6914e-05 | Val Loss: 7.0708e-06
[2025-05-10 12:46:59,164][__main__][INFO] - Physics Epoch: 401/1000 | LR: 0.008493 | Train Loss: 1.3629e-05 | Val Loss: 7.1143e-06
[2025-05-10 12:47:46,032][__main__][INFO] - Physics Epoch: 501/1000 | LR: 0.008154 | Train Loss: 1.6343e-05 | Val Loss: 7.0814e-06
[2025-05-10 12:48:32,615][__main__][INFO] - Physics Epoch: 601/1000 | LR: 0.007828 | Train Loss: 1.4966e-05 | Val Loss: 7.0586e-06
[2025-05-10 12:49:19,060][__main__][INFO] - Physics Epoch: 701/1000 | LR: 0.007514 | Train Loss: 1.3925e-05 | Val Loss: 7.0598e-06
[2025-05-10 12:50:05,179][__main__][INFO] - Physics Epoch: 801/1000 | LR: 0.007214 | Train Loss: 1.3221e-05 | Val Loss: 7.0782e-06
[2025-05-10 12:50:51,423][__main__][INFO] - Physics Epoch: 901/1000 | LR: 0.006925 | Train Loss: 1.4784e-05 | Val Loss: 7.2615e-06
[2025-05-10 12:51:37,577][__main__][INFO] - Updated acceleration function: 0.8652*f-8.9387*x-7.2069*y-7.9133*torch.pow(x , 3)-0.1057*torch.pow(x , 4)+0.0029*torch.pow(x , 2) * torch.pow(y , 3)+0.0010*x * torch.pow(y , 4)+0.0032*torch.pow(y , 5)
[2025-05-10 12:51:37,578][__main__][INFO] - ------------------------------------------------------------------------------------------------------
[2025-05-10 12:51:37,578][__main__][INFO] - Iteration 3, Network training
[2025-05-10 12:51:38,043][__main__][INFO] - Network Epoch: 1/600 | LR: 0.001000 | Train Loss: 4.0302e-04 | Val Loss: 3.2309e-04
[2025-05-10 12:52:24,036][__main__][INFO] - Network Epoch: 101/600 | LR: 0.000980 | Train Loss: 4.3199e-04 | Val Loss: 2.9107e-04
[2025-05-10 12:53:10,262][__main__][INFO] - Network Epoch: 201/600 | LR: 0.000960 | Train Loss: 4.0189e-04 | Val Loss: 2.8779e-04
[2025-05-10 12:53:56,820][__main__][INFO] - Network Epoch: 301/600 | LR: 0.000941 | Train Loss: 4.3121e-04 | Val Loss: 2.9393e-04
[2025-05-10 12:54:43,109][__main__][INFO] - Network Epoch: 401/600 | LR: 0.000922 | Train Loss: 4.1594e-04 | Val Loss: 3.0619e-04
[2025-05-10 12:55:29,528][__main__][INFO] - Network Epoch: 501/600 | LR: 0.000904 | Train Loss: 3.9953e-04 | Val Loss: 2.9892e-04
[2025-05-10 12:56:15,997][__main__][INFO] - ------------------------------------------------------------------------------------------------------
[2025-05-10 12:56:15,997][__main__][INFO] - Iteration 4, Physics training
[2025-05-10 12:56:16,464][__main__][INFO] - Physics Epoch: 1/1000 | LR: 0.010000 | Train Loss: 1.3880e-05 | Val Loss: 7.1663e-06
[2025-05-10 12:57:03,340][__main__][INFO] - Physics Epoch: 101/1000 | LR: 0.009600 | Train Loss: 1.5097e-05 | Val Loss: 7.0546e-06
[2025-05-10 12:57:49,184][__main__][INFO] - Physics Epoch: 201/1000 | LR: 0.009216 | Train Loss: 1.1709e-05 | Val Loss: 7.2855e-06
[2025-05-10 12:58:35,269][__main__][INFO] - Physics Epoch: 301/1000 | LR: 0.008847 | Train Loss: 1.3009e-05 | Val Loss: 7.1493e-06
[2025-05-10 12:59:21,948][__main__][INFO] - Physics Epoch: 401/1000 | LR: 0.008493 | Train Loss: 1.5804e-05 | Val Loss: 7.1175e-06
[2025-05-10 13:00:08,689][__main__][INFO] - Physics Epoch: 501/1000 | LR: 0.008154 | Train Loss: 1.3221e-05 | Val Loss: 7.1875e-06
[2025-05-10 13:00:55,270][__main__][INFO] - Physics Epoch: 601/1000 | LR: 0.007828 | Train Loss: 1.3804e-05 | Val Loss: 7.2746e-06
[2025-05-10 13:01:41,598][__main__][INFO] - Physics Epoch: 701/1000 | LR: 0.007514 | Train Loss: 1.3237e-05 | Val Loss: 7.2023e-06
[2025-05-10 13:02:28,665][__main__][INFO] - Physics Epoch: 801/1000 | LR: 0.007214 | Train Loss: 1.4907e-05 | Val Loss: 7.0815e-06
[2025-05-10 13:03:15,760][__main__][INFO] - Physics Epoch: 901/1000 | LR: 0.006925 | Train Loss: 1.4419e-05 | Val Loss: 7.1364e-06
[2025-05-10 13:04:02,560][__main__][INFO] - Updated acceleration function: 0.8591*f-8.8833*x-7.1931*y-7.7917*torch.pow(x , 3)-0.1012*torch.pow(x , 4)+0.0016*torch.pow(x , 2) * torch.pow(y , 3)-0.0033*x * torch.pow(y , 4)+0.0050*torch.pow(y , 5)
[2025-05-10 13:04:02,561][__main__][INFO] - ------------------------------------------------------------------------------------------------------
[2025-05-10 13:04:02,561][__main__][INFO] - Iteration 4, Network training
[2025-05-10 13:04:03,012][__main__][INFO] - Network Epoch: 1/600 | LR: 0.001000 | Train Loss: 4.8546e-04 | Val Loss: 9.6250e-04
[2025-05-10 13:04:48,807][__main__][INFO] - Network Epoch: 101/600 | LR: 0.000980 | Train Loss: 3.9835e-04 | Val Loss: 3.0530e-04
[2025-05-10 13:05:35,436][__main__][INFO] - Network Epoch: 201/600 | LR: 0.000960 | Train Loss: 4.3429e-04 | Val Loss: 3.2274e-04
[2025-05-10 13:06:26,522][__main__][INFO] - Network Epoch: 301/600 | LR: 0.000941 | Train Loss: 3.9542e-04 | Val Loss: 2.8799e-04
[2025-05-10 13:07:40,216][__main__][INFO] - Network Epoch: 401/600 | LR: 0.000922 | Train Loss: 4.1557e-04 | Val Loss: 3.4515e-04
[2025-05-10 13:08:49,934][__main__][INFO] - Network Epoch: 501/600 | LR: 0.000904 | Train Loss: 3.9874e-04 | Val Loss: 2.9502e-04
[2025-05-10 13:09:49,664][__main__][INFO] - ------------------------------------------------------------------------------------------------------
[2025-05-10 13:09:49,664][__main__][INFO] - Iteration 5, Physics training
[2025-05-10 13:09:50,152][__main__][INFO] - Physics Epoch: 1/1000 | LR: 0.010000 | Train Loss: 1.6603e-05 | Val Loss: 7.2228e-06
[2025-05-10 13:10:41,703][__main__][INFO] - Physics Epoch: 101/1000 | LR: 0.009600 | Train Loss: 1.4060e-05 | Val Loss: 7.3654e-06
[2025-05-10 13:11:31,903][__main__][INFO] - Physics Epoch: 201/1000 | LR: 0.009216 | Train Loss: 2.0979e-05 | Val Loss: 7.1609e-06
[2025-05-10 13:12:38,415][__main__][INFO] - Physics Epoch: 301/1000 | LR: 0.008847 | Train Loss: 1.2304e-05 | Val Loss: 7.1239e-06
[2025-05-10 13:13:53,252][__main__][INFO] - Physics Epoch: 401/1000 | LR: 0.008493 | Train Loss: 1.3472e-05 | Val Loss: 7.0457e-06
[2025-05-10 13:14:54,406][__main__][INFO] - Physics Epoch: 501/1000 | LR: 0.008154 | Train Loss: 1.5110e-05 | Val Loss: 7.0057e-06
[2025-05-10 13:16:06,709][__main__][INFO] - Physics Epoch: 601/1000 | LR: 0.007828 | Train Loss: 1.6387e-05 | Val Loss: 7.2731e-06
[2025-05-10 13:17:02,173][__main__][INFO] - Physics Epoch: 701/1000 | LR: 0.007514 | Train Loss: 1.3189e-05 | Val Loss: 7.1259e-06
[2025-05-10 13:17:57,645][__main__][INFO] - Physics Epoch: 801/1000 | LR: 0.007214 | Train Loss: 1.4413e-05 | Val Loss: 7.2182e-06
[2025-05-10 13:18:46,652][__main__][INFO] - Physics Epoch: 901/1000 | LR: 0.006925 | Train Loss: 1.2526e-05 | Val Loss: 7.0471e-06
[2025-05-10 13:19:36,980][__main__][INFO] - Updated acceleration function: 0.8593*f-8.9003*x-7.2082*y-7.8964*torch.pow(x , 3)+0.0050*torch.pow(x , 2) * torch.pow(y , 3)-0.0016*x * torch.pow(y , 4)+0.0014*torch.pow(y , 5)
[2025-05-10 13:19:36,981][__main__][INFO] - ------------------------------------------------------------------------------------------------------
[2025-05-10 13:19:36,981][__main__][INFO] - Iteration 5, Network training
[2025-05-10 13:19:37,445][__main__][INFO] - Network Epoch: 1/600 | LR: 0.001000 | Train Loss: 4.2748e-04 | Val Loss: 5.9785e-04
[2025-05-10 13:20:27,457][__main__][INFO] - Network Epoch: 101/600 | LR: 0.000980 | Train Loss: 3.9925e-04 | Val Loss: 2.9139e-04
[2025-05-10 13:21:15,283][__main__][INFO] - Network Epoch: 201/600 | LR: 0.000960 | Train Loss: 4.1058e-04 | Val Loss: 2.9316e-04
[2025-05-10 13:22:01,263][__main__][INFO] - Network Epoch: 301/600 | LR: 0.000941 | Train Loss: 4.0128e-04 | Val Loss: 2.8546e-04
[2025-05-10 13:22:47,541][__main__][INFO] - Network Epoch: 401/600 | LR: 0.000922 | Train Loss: 4.0381e-04 | Val Loss: 2.8837e-04
[2025-05-10 13:23:33,795][__main__][INFO] - Network Epoch: 501/600 | LR: 0.000904 | Train Loss: 3.9195e-04 | Val Loss: 2.9306e-04
